0 info it worked if it ends with ok
1 verbose cli [ '/usr/bin/nodejs',
1 verbose cli   '/usr/bin/npm',
1 verbose cli   '--save',
1 verbose cli   'install',
1 verbose cli   'ReactFire' ]
2 info using npm@2.15.5
3 info using node@v4.4.5
4 verbose install initial load of /home/matthew/code/ReactStarter/package.json
5 warn package.json react-starter@1.0.0 No repository field.
6 verbose installManyTop reading scoped package data from /home/matthew/code/ReactStarter/node_modules/browserify/package.json
7 verbose installManyTop reading scoped package data from /home/matthew/code/ReactStarter/node_modules/firebase/package.json
8 verbose installManyTop reading scoped package data from /home/matthew/code/ReactStarter/node_modules/gulp/package.json
9 verbose installManyTop reading scoped package data from /home/matthew/code/ReactStarter/node_modules/gulp-concat/package.json
10 verbose installManyTop reading scoped package data from /home/matthew/code/ReactStarter/node_modules/gulp-react/package.json
11 verbose installManyTop reading scoped package data from /home/matthew/code/ReactStarter/node_modules/gulp-sass/package.json
12 verbose installManyTop reading scoped package data from /home/matthew/code/ReactStarter/node_modules/gulp-server-livereload/package.json
13 verbose installManyTop reading scoped package data from /home/matthew/code/ReactStarter/node_modules/gulp-util/package.json
14 verbose installManyTop reading scoped package data from /home/matthew/code/ReactStarter/node_modules/gulp-watch/package.json
15 verbose installManyTop reading scoped package data from /home/matthew/code/ReactStarter/node_modules/install/package.json
16 verbose installManyTop reading scoped package data from /home/matthew/code/ReactStarter/node_modules/node-notifier/package.json
17 verbose installManyTop reading scoped package data from /home/matthew/code/ReactStarter/node_modules/react/package.json
18 verbose installManyTop reading scoped package data from /home/matthew/code/ReactStarter/node_modules/react-dom/package.json
19 verbose installManyTop reading scoped package data from /home/matthew/code/ReactStarter/node_modules/reactfire/package.json
20 verbose installManyTop reading scoped package data from /home/matthew/code/ReactStarter/node_modules/reactify/package.json
21 verbose installManyTop reading scoped package data from /home/matthew/code/ReactStarter/node_modules/vinyl-source-stream/package.json
22 verbose installManyTop reading scoped package data from /home/matthew/code/ReactStarter/node_modules/watchify/package.json
23 info package.json firebase@3.0.3 No license field.
24 verbose readDependencies loading dependencies from /home/matthew/code/ReactStarter/package.json
25 silly cache add args [ 'ReactFire', null ]
26 verbose cache add spec ReactFire
27 silly cache add parsed spec Result {
27 silly cache add   raw: 'ReactFire',
27 silly cache add   scope: null,
27 silly cache add   name: 'ReactFire',
27 silly cache add   rawSpec: '',
27 silly cache add   spec: 'latest',
27 silly cache add   type: 'tag' }
28 silly addNamed ReactFire@latest
29 verbose addNamed "latest" is being treated as a dist-tag for ReactFire
30 info addNameTag [ 'ReactFire', 'latest' ]
31 silly mapToRegistry name ReactFire
32 silly mapToRegistry using default registry
33 silly mapToRegistry registry https://registry.npmjs.org/
34 silly mapToRegistry data Result {
34 silly mapToRegistry   raw: 'ReactFire',
34 silly mapToRegistry   scope: null,
34 silly mapToRegistry   name: 'ReactFire',
34 silly mapToRegistry   rawSpec: '',
34 silly mapToRegistry   spec: 'latest',
34 silly mapToRegistry   type: 'tag' }
35 silly mapToRegistry uri https://registry.npmjs.org/ReactFire
36 verbose addNameTag registry:https://registry.npmjs.org/ReactFire not in flight; fetching
37 verbose request uri https://registry.npmjs.org/ReactFire
38 verbose request no auth needed
39 info attempt registry request try #1 at 10:03:37 AM
40 verbose request id 8955d37dc00acbce
41 http request GET https://registry.npmjs.org/ReactFire
42 http 404 https://registry.npmjs.org/ReactFire
43 verbose headers { 'content-type': 'application/json',
43 verbose headers   'cache-control': 'max-age=0',
43 verbose headers   'content-length': '2',
43 verbose headers   'accept-ranges': 'bytes',
43 verbose headers   date: 'Thu, 02 Jun 2016 09:03:37 GMT',
43 verbose headers   via: '1.1 varnish',
43 verbose headers   age: '0',
43 verbose headers   connection: 'keep-alive',
43 verbose headers   'x-served-by': 'cache-lhr6348-LHR',
43 verbose headers   'x-cache': 'MISS',
43 verbose headers   'x-cache-hits': '0',
43 verbose headers   'x-timer': 'S1464858217.718060,VS0,VE90',
43 verbose headers   vary: 'Accept-Encoding' }
44 silly get cb [ 404,
44 silly get   { 'content-type': 'application/json',
44 silly get     'cache-control': 'max-age=0',
44 silly get     'content-length': '2',
44 silly get     'accept-ranges': 'bytes',
44 silly get     date: 'Thu, 02 Jun 2016 09:03:37 GMT',
44 silly get     via: '1.1 varnish',
44 silly get     age: '0',
44 silly get     connection: 'keep-alive',
44 silly get     'x-served-by': 'cache-lhr6348-LHR',
44 silly get     'x-cache': 'MISS',
44 silly get     'x-cache-hits': '0',
44 silly get     'x-timer': 'S1464858217.718060,VS0,VE90',
44 silly get     vary: 'Accept-Encoding' } ]
45 verbose stack Error: Registry returned 404 for GET on https://registry.npmjs.org/ReactFire
45 verbose stack     at makeError (/usr/lib/node_modules/npm/node_modules/npm-registry-client/lib/request.js:264:12)
45 verbose stack     at CachingRegistryClient.<anonymous> (/usr/lib/node_modules/npm/node_modules/npm-registry-client/lib/request.js:242:14)
45 verbose stack     at Request._callback (/usr/lib/node_modules/npm/node_modules/npm-registry-client/lib/request.js:172:14)
45 verbose stack     at Request.self.callback (/usr/lib/node_modules/npm/node_modules/request/request.js:200:22)
45 verbose stack     at emitTwo (events.js:87:13)
45 verbose stack     at Request.emit (events.js:172:7)
45 verbose stack     at Request.<anonymous> (/usr/lib/node_modules/npm/node_modules/request/request.js:1067:10)
45 verbose stack     at emitOne (events.js:82:20)
45 verbose stack     at Request.emit (events.js:169:7)
45 verbose stack     at IncomingMessage.<anonymous> (/usr/lib/node_modules/npm/node_modules/request/request.js:988:12)
46 verbose statusCode 404
47 verbose pkgid ReactFire
48 verbose cwd /home/matthew/code/ReactStarter
49 error Linux 4.4.0-22-generic
50 error argv "/usr/bin/nodejs" "/usr/bin/npm" "--save" "install" "ReactFire"
51 error node v4.4.5
52 error npm  v2.15.5
53 error code E404
54 error 404 Registry returned 404 for GET on https://registry.npmjs.org/ReactFire
54 error 404
54 error 404 'ReactFire' is not in the npm registry.
54 error 404 Your package name is not valid, because
54 error 404
54 error 404  1. name can no longer contain capital letters
54 error 404 It was specified as a dependency of 'react-starter'
54 error 404
54 error 404 Note that you can also install from a
54 error 404 tarball, folder, http url, or git url.
55 verbose exit [ 1, true ]
